<?xml version="1.0" encoding="UTF-8"?>
<!-- Generated by org.testng.reporters.JUnitReportReporter -->
<testsuite skipped="0" hostname="Crazyguy" name="src.com.tests.CreateGrouping" tests="2" failures="0" timestamp="21 May 2017 05:53:29 GMT" time="52.935" errors="0">
  <testcase name="testLogin" time="5.218" classname="src.com.tests.CreateGrouping"/>
  <testcase name="testCreateGroup" time="47.717" classname="src.com.tests.CreateGrouping"/>
</testsuite> <!-- src.com.tests.CreateGrouping -->
