<?xml version="1.0" encoding="UTF-8"?>
<!-- Generated by org.testng.reporters.JUnitReportReporter -->
<testsuite skipped="0" hostname="Crazyguy" name="src.com.tests.SignIn" tests="1" failures="0" timestamp="19 May 2017 07:06:11 GMT" time="3.947" errors="0">
  <testcase name="testLogin" time="3.947" classname="src.com.tests.SignIn"/>
</testsuite> <!-- src.com.tests.SignIn -->
