<?xml version="1.0" encoding="UTF-8"?>
<!-- Generated by org.testng.reporters.JUnitReportReporter -->
<testsuite skipped="0" hostname="Crazyguy" name="src.com.tests.CreateGroupsAndSets" tests="1" failures="0" timestamp="09 May 2017 18:20:45 GMT" time="7.994" errors="0">
  <testcase name="testLogin" time="7.994" classname="src.com.tests.CreateGroupsAndSets"/>
</testsuite> <!-- src.com.tests.CreateGroupsAndSets -->
