<?xml version="1.0" encoding="UTF-8"?>
<!-- Generated by org.testng.reporters.JUnitReportReporter -->
<testsuite skipped="0" hostname="Crazyguy" name="src.com.tests.Groups" tests="4" failures="0" timestamp="13 Jun 2017 17:45:00 GMT" time="89.466" errors="0">
  <testcase name="testLogin" time="2.475" classname="src.com.tests.Groups"/>
  <testcase name="testCreateGroup" time="10.592" classname="src.com.tests.Groups"/>
  <testcase name="testCreateStep" time="43.460" classname="src.com.tests.Groups"/>
  <testcase name="testAddResources" time="32.939" classname="src.com.tests.Groups"/>
</testsuite> <!-- src.com.tests.Groups -->
