<?xml version="1.0" encoding="UTF-8"?>
<!-- Generated by org.testng.reporters.JUnitReportReporter -->
<testsuite skipped="0" hostname="Crazyguy" name="src.com.tests.Login" tests="1" failures="0" timestamp="09 May 2017 03:20:51 GMT" time="0.004" errors="0">
  <testcase name="f" time="0.004" classname="src.com.tests.Login"/>
</testsuite> <!-- src.com.tests.Login -->
