<?xml version="1.0" encoding="UTF-8"?>
<!-- Generated by org.testng.reporters.JUnitReportReporter -->
<testsuite skipped="0" hostname="Crazyguy" name="src.com.tests.SignUp" tests="1" failures="0" timestamp="19 May 2017 07:06:11 GMT" time="6.016" errors="0">
  <testcase name="testSignUp" time="6.016" classname="src.com.tests.SignUp"/>
</testsuite> <!-- src.com.tests.SignUp -->
